converged SCF energy = -114.950987102224
Q-Gamma tensors building time = 0.13603687286376953
-------------------------------------------------------------------
|---------------   In-house Developed Davdison codes   -----------|
Residual convergence threshold = 1e-05
Number of excited states = 20
Initial guess: sTDA
Preconditioner: on-the-fly sTDA A matrix
sTDA as initial guess done!
Davidson Step 0
sTDA preconditioning done after  14 steps;  0.059 seconds
preconditioned guesses: 20
Davidson Step 1
sTDA preconditioning done after  7 steps;  0.03 seconds
preconditioned guesses: 20
Davidson Step 2
sTDA preconditioning done after  5 steps;  0.024 seconds
preconditioned guesses: 20
Davidson Step 3
sTDA preconditioning done after  7 steps;  0.033 seconds
preconditioned guesses: 20
Davidson Step 4
sTDA preconditioning done after  7 steps;  0.022 seconds
preconditioned guesses: 8
Davidson Step 5
sTDA preconditioning done after  10 steps;  0.006 seconds
preconditioned guesses: 1
Davidson Step 6
Iteration steps = 7
Final subspace size =  (117, 117)
Preconditioning time: 0.1748
In-house Davidson time: 1.0892
Excited State energies (eV) =
[ 8.73907165 10.77713246 11.26755053 12.20363909 12.27658768 12.69784966
 12.84428543 13.49469923 13.54369262 13.98420241 14.84657777 14.94506042
 15.40419631 16.04942308 16.27841239 16.3162279  16.54706657 16.88282597
 17.33996458 17.8844624 ]
-----------------------------------------------------------------
|-----------------    PySCF TDA-TDDFT codes   ------------------|


******** <class 'pyscf.tdscf.rhf.TDA'> for <class 'pyscf.scf.hf.RHF'> ********
nstates = 20 singlet
wfnsym = None
conv_tol = 1e-10
eigh lindep = 1e-12
eigh level_shift = 0
eigh max_space = 50
eigh max_cycle = 100
chkfile = /var/folders/yv/2d0zlq3j1dq04l1tjz4qgg800000gn/T/tmpn19dhf84
max_memory 1000 MB (current use 0 MB)


davidson 0 20  |r|= 0.123  e= [0.33853605 0.40998896 0.42431088 0.46300167 0.46711388 0.48054899
 0.4899632  0.51279872 0.51505809 0.53008264 0.56107767 0.56498459
 0.57805157 0.60702325 0.61340451 0.61561725 0.62352044 0.63488167
 0.67204288 0.67661299]  max|de|= 0.677  lindep=    1
Old state -> New state
    4     ->     3 
    3     ->     4 
    6     ->     5 
    5     ->     6 
    8     ->     7 
    7     ->     8 
   11     ->    10 
   10     ->    11 
davidson 1 40  |r|= 0.0483  e= [0.32140964 0.39696285 0.41436587 0.44988554 0.45162899 0.46739151
 0.47219673 0.49688277 0.49890209 0.51537701 0.54808244 0.55171655
 0.56667744 0.59422913 0.60005954 0.60132433 0.61112307 0.62206215
 0.64939072 0.66560684]  max|de|= -0.0227  lindep= 0.961
Old state -> New state
   15     ->    14 
   14     ->    15 
davidson 2 60  |r|= 0.0494  e= [0.32116115 0.39608789 0.41408118 0.44852959 0.45117475 0.46666074
 0.47203378 0.49600689 0.49779494 0.51401569 0.54599301 0.5494335
 0.56616621 0.59028097 0.59891626 0.59966787 0.60856229 0.62073765
 0.64495532 0.6634908 ]  max|de|= -0.00444  lindep= 0.896
davidson 3 80  |r|= 0.0675  e= [0.321155   0.39605296 0.41407499 0.44847655 0.45115684 0.46663787
 0.4720192  0.49592456 0.49772402 0.51391586 0.5456303  0.54923446
 0.56609978 0.58983395 0.59827938 0.59961493 0.60813711 0.62046772
 0.63917545 0.66163001]  max|de|= -0.00578  lindep= 0.87
davidson 4 100  |r|= 0.0293  e= [0.32115496 0.39605232 0.41407485 0.4484755  0.45115629 0.46663738
 0.47201879 0.49592113 0.49772156 0.51391016 0.54560274 0.54922135
 0.56609403 0.58980697 0.59822669 0.59961052 0.60809658 0.62043454
 0.6373899  0.65758866]  max|de|= -0.00404  lindep= 0.829
davidson 5 20  |r|= 0.0293  e= [0.32115496 0.39605232 0.41407485 0.4484755  0.45115629 0.46663738
 0.47201879 0.49592113 0.49772156 0.51391016 0.54560274 0.54922135
 0.56609403 0.58980697 0.59822669 0.59961052 0.60809658 0.62043454
 0.6373899  0.65758866]  max|de|= -3.11e-15  lindep= 0.999
davidson 6 40  |r|= 0.0124  e= [0.32115496 0.39605231 0.41407484 0.44847547 0.45115628 0.46663737
 0.47201878 0.49592105 0.49772153 0.51390997 0.54560176 0.54922088
 0.5660938  0.58980557 0.59822159 0.59961034 0.60809387 0.62043263
 0.63725486 0.65730011]  max|de|= -0.000289  lindep= 0.72
root 0 converged  |r|= 4.67e-07  e= 0.32115495953607326  max|de|= -4.09e-12
root 2 converged  |r|= 2.79e-06  e= 0.4140748445136833  max|de|= -7.81e-11
davidson 7 60  |r|= 0.00414  e= [0.32115496 0.39605231 0.41407484 0.44847546 0.45115628 0.46663737
 0.47201878 0.49592105 0.49772152 0.51390996 0.54560167 0.54922084
 0.56609378 0.58980543 0.59822072 0.59961032 0.60809352 0.62043244
 0.6372345  0.65725004]  max|de|= -5.01e-05  lindep= 0.767
root 1 converged  |r|= 5.93e-07  e= 0.3960523130430518  max|de|= -4.75e-12
root 3 converged  |r|= 2.42e-06  e= 0.4484754647897082  max|de|= -4e-11
root 4 converged  |r|= 1.57e-06  e= 0.45115627568519356  max|de|= -2.26e-11
root 5 converged  |r|= 1.55e-06  e= 0.4666373681368252  max|de|= -1.86e-11
root 6 converged  |r|= 1.09e-06  e= 0.47201878340055414  max|de|= -1.05e-11
root 8 converged  |r|= 2.22e-06  e= 0.49772152355993854  max|de|= -4.87e-11
davidson 8 78  |r|= 0.00123  e= [0.32115496 0.39605231 0.41407484 0.44847546 0.45115628 0.46663737
 0.47201878 0.49592105 0.49772152 0.51390996 0.54560167 0.54922084
 0.56609377 0.58980542 0.59822064 0.59961032 0.60809349 0.62043242
 0.63723226 0.65724344]  max|de|= -6.6e-06  lindep= 0.763
root 7 converged  |r|= 1.62e-06  e= 0.4959210498347397  max|de|= -1.22e-11
root 9 converged  |r|= 2.88e-06  e= 0.5139099598906616  max|de|= -3.5e-11
davidson 9 90  |r|= 0.000757  e= [0.32115496 0.39605231 0.41407484 0.44847546 0.45115628 0.46663737
 0.47201878 0.49592105 0.49772152 0.51390996 0.54560167 0.54922084
 0.56609377 0.58980542 0.59822062 0.59961032 0.60809348 0.62043241
 0.63723201 0.6572425 ]  max|de|= -9.39e-07  lindep= 0.736
root 10 converged  |r|= 9.18e-06  e= 0.5456016696842448  max|de|= -1.11e-16
root 11 converged  |r|= 9.67e-06  e= 0.5492208404936407  max|de|= -2.22e-16
davidson 10 20  |r|= 0.000757  e= [0.32115496 0.39605231 0.41407484 0.44847546 0.45115628 0.46663737
 0.47201878 0.49592105 0.49772152 0.51390996 0.54560167 0.54922084
 0.56609377 0.58980542 0.59822062 0.59961032 0.60809348 0.62043241
 0.63723201 0.6572425 ]  max|de|= 1.67e-15  lindep= 0.985
root 12 converged  |r|= 4.66e-06  e= 0.5660937731340989  max|de|= -3.9e-11
root 15 converged  |r|= 9.02e-06  e= 0.5996103158965953  max|de|= -7.49e-11
davidson 11 28  |r|= 0.00048  e= [0.32115496 0.39605231 0.41407484 0.44847546 0.45115628 0.46663737
 0.47201878 0.49592105 0.49772152 0.51390996 0.54560167 0.54922084
 0.56609377 0.58980542 0.59822062 0.59961032 0.60809348 0.62043241
 0.63723197 0.65724226]  max|de|= -2.37e-07  lindep= 0.681
davidson 12 34  |r|= 0.000397  e= [0.32115496 0.39605231 0.41407484 0.44847546 0.45115628 0.46663737
 0.47201878 0.49592105 0.49772152 0.51390996 0.54560167 0.54922084
 0.56609377 0.58980542 0.59822062 0.59961032 0.60809348 0.62043241
 0.63723195 0.65724213]  max|de|= -1.3e-07  lindep= 0.765
root 13 converged  |r|= 3.55e-06  e= 0.5898054192886676  max|de|= -3.28e-11
davidson 13 40  |r|= 0.000361  e= [0.32115496 0.39605231 0.41407484 0.44847546 0.45115628 0.46663737
 0.47201878 0.49592105 0.49772152 0.51390996 0.54560167 0.54922084
 0.56609377 0.58980542 0.59822062 0.59961032 0.60809348 0.62043241
 0.63723195 0.65724204]  max|de|= -9.63e-08  lindep= 0.745
root 14 converged  |r|= 4.74e-06  e= 0.5982206215160845  max|de|= -5.52e-11
root 16 converged  |r|= 4.53e-06  e= 0.6080934804347072  max|de|= -4.15e-11
root 17 converged  |r|= 4.78e-06  e= 0.6204324107999954  max|de|= -6.84e-11
davidson 14 45  |r|= 0.000253  e= [0.32115496 0.39605231 0.41407484 0.44847546 0.45115628 0.46663737
 0.47201878 0.49592105 0.49772152 0.51390996 0.54560167 0.54922084
 0.56609377 0.58980542 0.59822062 0.59961032 0.60809348 0.62043241
 0.63723195 0.65724197]  max|de|= -6.6e-08  lindep= 0.732
davidson 15 47  |r|= 0.000212  e= [0.32115496 0.39605231 0.41407484 0.44847546 0.45115628 0.46663737
 0.47201878 0.49592105 0.49772152 0.51390996 0.54560167 0.54922084
 0.56609377 0.58980542 0.59822062 0.59961032 0.60809348 0.62043241
 0.63723194 0.65724191]  max|de|= -6.12e-08  lindep= 0.815
root 18 converged  |r|= 3.34e-06  e= 0.6372319449319506  max|de|= -3.85e-11
davidson 16 49  |r|= 0.000124  e= [0.32115496 0.39605231 0.41407484 0.44847546 0.45115628 0.46663737
 0.47201878 0.49592105 0.49772152 0.51390996 0.54560167 0.54922084
 0.56609377 0.58980542 0.59822062 0.59961032 0.60809348 0.62043241
 0.63723194 0.65724187]  max|de|= -3.63e-08  lindep= 0.87
davidson 17 50  |r|= 3.63e-05  e= [0.32115496 0.39605231 0.41407484 0.44847546 0.45115628 0.46663737
 0.47201878 0.49592105 0.49772152 0.51390996 0.54560167 0.54922084
 0.56609377 0.58980542 0.59822062 0.59961032 0.60809348 0.62043241
 0.63723194 0.65724187]  max|de|= -3.75e-09  lindep= 0.746
davidson 18 51  |r|= 1.31e-05  e= [0.32115496 0.39605231 0.41407484 0.44847546 0.45115628 0.46663737
 0.47201878 0.49592105 0.49772152 0.51390996 0.54560167 0.54922084
 0.56609377 0.58980542 0.59822062 0.59961032 0.60809348 0.62043241
 0.63723194 0.65724187]  max|de|= -5.01e-10  lindep= 0.814
root 19 converged  |r|= 5.03e-06  e= 0.6572418705286502  max|de|= -6.16e-11
converged 19 52  |r|= 5.03e-06  e= [0.32115496 0.39605231 0.41407484 0.44847546 0.45115628 0.46663737
 0.47201878 0.49592105 0.49772152 0.51390996 0.54560167 0.54922084
 0.56609377 0.58980542 0.59822062 0.59961032 0.60809348 0.62043241
 0.63723194 0.65724187]  max|de|= -6.16e-11
    CPU time for TDA      3.42 sec, wall time      1.75 sec
Excited State energies (eV)
[ 8.73907158 10.77713237 11.26755044 12.20363899 12.27658757 12.69784956
 12.84428532 13.49469912 13.54369251 13.9842023  14.84657765 14.9450603
 15.40419618 16.04942294 16.27841226 16.31622777 16.54706643 16.88282583
 17.33996444 17.88446225]
Built-in Davidson time: 1.7545
|---------------------------------------------------------------|
